{"/Users/atte/development/FSS-HS-SIMULATOR/src/simulation/constants.ts": {"path":"/Users/atte/development/FSS-HS-SIMULATOR/src/simulation/constants.ts","statementMap":{"0":{"start":{"line":1,"column":17},"end":{"line":1,"column":null}},"1":{"start":{"line":2,"column":21},"end":{"line":2,"column":null}},"2":{"start":{"line":3,"column":21},"end":{"line":3,"column":null}},"3":{"start":{"line":6,"column":23},"end":{"line":6,"column":null}},"4":{"start":{"line":7,"column":23},"end":{"line":7,"column":null}},"5":{"start":{"line":8,"column":21},"end":{"line":8,"column":null}},"6":{"start":{"line":9,"column":25},"end":{"line":9,"column":null}},"7":{"start":{"line":10,"column":23},"end":{"line":10,"column":null}},"8":{"start":{"line":11,"column":21},"end":{"line":11,"column":null}},"9":{"start":{"line":12,"column":25},"end":{"line":12,"column":null}},"10":{"start":{"line":13,"column":23},"end":{"line":13,"column":null}},"11":{"start":{"line":16,"column":23},"end":{"line":16,"column":null}},"12":{"start":{"line":17,"column":23},"end":{"line":17,"column":null}},"13":{"start":{"line":18,"column":21},"end":{"line":18,"column":null}},"14":{"start":{"line":19,"column":25},"end":{"line":19,"column":null}},"15":{"start":{"line":20,"column":23},"end":{"line":20,"column":null}},"16":{"start":{"line":21,"column":21},"end":{"line":21,"column":null}},"17":{"start":{"line":22,"column":23},"end":{"line":22,"column":null}},"18":{"start":{"line":23,"column":25},"end":{"line":23,"column":null}},"19":{"start":{"line":25,"column":21},"end":{"line":25,"column":null}},"20":{"start":{"line":26,"column":19},"end":{"line":26,"column":null}},"21":{"start":{"line":27,"column":25},"end":{"line":27,"column":null}},"22":{"start":{"line":28,"column":25},"end":{"line":28,"column":null}},"23":{"start":{"line":29,"column":19},"end":{"line":29,"column":null}},"24":{"start":{"line":30,"column":19},"end":{"line":30,"column":null}},"25":{"start":{"line":31,"column":21},"end":{"line":31,"column":null}},"26":{"start":{"line":32,"column":21},"end":{"line":32,"column":null}},"27":{"start":{"line":36,"column":23},"end":{"line":36,"column":null}}},"fnMap":{},"branchMap":{},"s":{"0":5,"1":5,"2":5,"3":5,"4":5,"5":5,"6":5,"7":5,"8":5,"9":5,"10":5,"11":5,"12":5,"13":5,"14":5,"15":5,"16":5,"17":5,"18":5,"19":5,"20":5,"21":5,"22":5,"23":5,"24":5,"25":5,"26":5,"27":5},"f":{},"b":{},"meta":{"lastBranch":0,"lastFunction":0,"lastStatement":28,"seen":{"s:1:17:1:Infinity":0,"s:2:21:2:Infinity":1,"s:3:21:3:Infinity":2,"s:6:23:6:Infinity":3,"s:7:23:7:Infinity":4,"s:8:21:8:Infinity":5,"s:9:25:9:Infinity":6,"s:10:23:10:Infinity":7,"s:11:21:11:Infinity":8,"s:12:25:12:Infinity":9,"s:13:23:13:Infinity":10,"s:16:23:16:Infinity":11,"s:17:23:17:Infinity":12,"s:18:21:18:Infinity":13,"s:19:25:19:Infinity":14,"s:20:23:20:Infinity":15,"s:21:21:21:Infinity":16,"s:22:23:22:Infinity":17,"s:23:25:23:Infinity":18,"s:25:21:25:Infinity":19,"s:26:19:26:Infinity":20,"s:27:25:27:Infinity":21,"s:28:25:28:Infinity":22,"s:29:19:29:Infinity":23,"s:30:19:30:Infinity":24,"s:31:21:31:Infinity":25,"s:32:21:32:Infinity":26,"s:36:23:36:Infinity":27}}}
,"/Users/atte/development/FSS-HS-SIMULATOR/src/simulation/coulomb.ts": {"path":"/Users/atte/development/FSS-HS-SIMULATOR/src/simulation/coulomb.ts","statementMap":{"0":{"start":{"line":8,"column":2},"end":{"line":8,"column":null}},"1":{"start":{"line":19,"column":17},"end":{"line":19,"column":null}},"2":{"start":{"line":20,"column":2},"end":{"line":23,"column":null}},"3":{"start":{"line":21,"column":4},"end":{"line":21,"column":null}},"4":{"start":{"line":23,"column":4},"end":{"line":23,"column":null}}},"fnMap":{"0":{"name":"stepSoc","decl":{"start":{"line":2,"column":16},"end":{"line":2,"column":null}},"loc":{"start":{"line":7,"column":10},"end":{"line":8,"column":null}},"line":7},"1":{"name":"stepEnergy","decl":{"start":{"line":12,"column":16},"end":{"line":12,"column":null}},"loc":{"start":{"line":18,"column":37},"end":{"line":23,"column":null}},"line":18}},"branchMap":{"0":{"loc":{"start":{"line":20,"column":2},"end":{"line":23,"column":null}},"type":"if","locations":[{"start":{"line":20,"column":2},"end":{"line":23,"column":null}},{"start":{"line":22,"column":9},"end":{"line":23,"column":null}}],"line":20}},"s":{"0":6,"1":103,"2":103,"3":101,"4":2},"f":{"0":6,"1":103},"b":{"0":[101,2]},"meta":{"lastBranch":1,"lastFunction":2,"lastStatement":5,"seen":{"f:2:16:2:Infinity":0,"s:8:2:8:Infinity":0,"f:12:16:12:Infinity":1,"s:19:17:19:Infinity":1,"b:20:2:23:Infinity:22:9:23:Infinity":0,"s:20:2:23:Infinity":2,"s:21:4:21:Infinity":3,"s:23:4:23:Infinity":4}}}
,"/Users/atte/development/FSS-HS-SIMULATOR/src/simulation/currentControl.ts": {"path":"/Users/atte/development/FSS-HS-SIMULATOR/src/simulation/currentControl.ts","statementMap":{"0":{"start":{"line":29,"column":2},"end":{"line":34,"column":null}},"1":{"start":{"line":30,"column":4},"end":{"line":34,"column":null}},"2":{"start":{"line":37,"column":2},"end":{"line":45,"column":null}},"3":{"start":{"line":38,"column":18},"end":{"line":38,"column":null}},"4":{"start":{"line":39,"column":4},"end":{"line":42,"column":null}},"5":{"start":{"line":40,"column":6},"end":{"line":40,"column":null}},"6":{"start":{"line":41,"column":6},"end":{"line":42,"column":null}},"7":{"start":{"line":42,"column":8},"end":{"line":42,"column":null}},"8":{"start":{"line":45,"column":4},"end":{"line":45,"column":null}},"9":{"start":{"line":48,"column":2},"end":{"line":69,"column":null}},"10":{"start":{"line":49,"column":15},"end":{"line":49,"column":null}},"11":{"start":{"line":50,"column":16},"end":{"line":50,"column":null}},"12":{"start":{"line":51,"column":16},"end":{"line":51,"column":null}},"13":{"start":{"line":52,"column":18},"end":{"line":52,"column":null}},"14":{"start":{"line":54,"column":4},"end":{"line":54,"column":null}},"15":{"start":{"line":54,"column":18},"end":{"line":54,"column":null}},"16":{"start":{"line":57,"column":4},"end":{"line":58,"column":null}},"17":{"start":{"line":58,"column":6},"end":{"line":58,"column":null}},"18":{"start":{"line":62,"column":19},"end":{"line":62,"column":null}},"19":{"start":{"line":63,"column":4},"end":{"line":63,"column":null}},"20":{"start":{"line":63,"column":27},"end":{"line":63,"column":null}},"21":{"start":{"line":64,"column":16},"end":{"line":64,"column":null}},"22":{"start":{"line":65,"column":17},"end":{"line":65,"column":54}},"23":{"start":{"line":66,"column":4},"end":{"line":67,"column":null}},"24":{"start":{"line":67,"column":6},"end":{"line":67,"column":null}},"25":{"start":{"line":69,"column":4},"end":{"line":69,"column":null}},"26":{"start":{"line":72,"column":2},"end":{"line":72,"column":null}}},"fnMap":{"0":{"name":"getNextCurrent","decl":{"start":{"line":23,"column":16},"end":{"line":23,"column":null}},"loc":{"start":{"line":28,"column":17},"end":{"line":72,"column":null}},"line":28}},"branchMap":{"0":{"loc":{"start":{"line":29,"column":2},"end":{"line":34,"column":null}},"type":"if","locations":[{"start":{"line":29,"column":2},"end":{"line":34,"column":null}},{"start":{},"end":{}}],"line":29},"1":{"loc":{"start":{"line":37,"column":2},"end":{"line":45,"column":null}},"type":"if","locations":[{"start":{"line":37,"column":2},"end":{"line":45,"column":null}},{"start":{},"end":{}}],"line":37},"2":{"loc":{"start":{"line":41,"column":6},"end":{"line":42,"column":null}},"type":"if","locations":[{"start":{"line":41,"column":6},"end":{"line":42,"column":null}},{"start":{},"end":{}}],"line":41},"3":{"loc":{"start":{"line":48,"column":2},"end":{"line":69,"column":null}},"type":"if","locations":[{"start":{"line":48,"column":2},"end":{"line":69,"column":null}},{"start":{},"end":{}}],"line":48},"4":{"loc":{"start":{"line":54,"column":4},"end":{"line":54,"column":null}},"type":"if","locations":[{"start":{"line":54,"column":4},"end":{"line":54,"column":null}},{"start":{},"end":{}}],"line":54},"5":{"loc":{"start":{"line":57,"column":4},"end":{"line":58,"column":null}},"type":"if","locations":[{"start":{"line":57,"column":4},"end":{"line":58,"column":null}},{"start":{},"end":{}}],"line":57},"6":{"loc":{"start":{"line":63,"column":4},"end":{"line":63,"column":null}},"type":"if","locations":[{"start":{"line":63,"column":4},"end":{"line":63,"column":null}},{"start":{},"end":{}}],"line":63},"7":{"loc":{"start":{"line":66,"column":4},"end":{"line":67,"column":null}},"type":"if","locations":[{"start":{"line":66,"column":4},"end":{"line":67,"column":null}},{"start":{},"end":{}}],"line":66}},"s":{"0":0,"1":0,"2":0,"3":0,"4":0,"5":0,"6":0,"7":0,"8":0,"9":0,"10":0,"11":0,"12":0,"13":0,"14":0,"15":0,"16":0,"17":0,"18":0,"19":0,"20":0,"21":0,"22":0,"23":0,"24":0,"25":0,"26":0},"f":{"0":0},"b":{"0":[0,0],"1":[0,0],"2":[0,0],"3":[0,0],"4":[0,0],"5":[0,0],"6":[0,0],"7":[0,0]},"meta":{"lastBranch":8,"lastFunction":1,"lastStatement":27,"seen":{"f:23:16:23:Infinity":0,"b:29:2:34:Infinity:undefined:undefined:undefined:undefined":0,"s:29:2:34:Infinity":0,"s:30:4:34:Infinity":1,"b:37:2:45:Infinity:undefined:undefined:undefined:undefined":1,"s:37:2:45:Infinity":2,"s:38:18:38:Infinity":3,"s:39:4:42:Infinity":4,"s:40:6:40:Infinity":5,"b:41:6:42:Infinity:undefined:undefined:undefined:undefined":2,"s:41:6:42:Infinity":6,"s:42:8:42:Infinity":7,"s:45:4:45:Infinity":8,"b:48:2:69:Infinity:undefined:undefined:undefined:undefined":3,"s:48:2:69:Infinity":9,"s:49:15:49:Infinity":10,"s:50:16:50:Infinity":11,"s:51:16:51:Infinity":12,"s:52:18:52:Infinity":13,"b:54:4:54:Infinity:undefined:undefined:undefined:undefined":4,"s:54:4:54:Infinity":14,"s:54:18:54:Infinity":15,"b:57:4:58:Infinity:undefined:undefined:undefined:undefined":5,"s:57:4:58:Infinity":16,"s:58:6:58:Infinity":17,"s:62:19:62:Infinity":18,"b:63:4:63:Infinity:undefined:undefined:undefined:undefined":6,"s:63:4:63:Infinity":19,"s:63:27:63:Infinity":20,"s:64:16:64:Infinity":21,"s:65:17:65:54":22,"b:66:4:67:Infinity:undefined:undefined:undefined:undefined":7,"s:66:4:67:Infinity":23,"s:67:6:67:Infinity":24,"s:69:4:69:Infinity":25,"s:72:2:72:Infinity":26}}}
,"/Users/atte/development/FSS-HS-SIMULATOR/src/simulation/ecm.ts": {"path":"/Users/atte/development/FSS-HS-SIMULATOR/src/simulation/ecm.ts","statementMap":{"0":{"start":{"line":7,"column":2},"end":{"line":10,"column":null}},"1":{"start":{"line":21,"column":16},"end":{"line":21,"column":35}},"2":{"start":{"line":22,"column":2},"end":{"line":22,"column":null}}},"fnMap":{"0":{"name":"calcSoH","decl":{"start":{"line":2,"column":16},"end":{"line":2,"column":null}},"loc":{"start":{"line":6,"column":40},"end":{"line":10,"column":null}},"line":6},"1":{"name":"stepRC","decl":{"start":{"line":14,"column":16},"end":{"line":14,"column":null}},"loc":{"start":{"line":20,"column":10},"end":{"line":22,"column":null}},"line":20}},"branchMap":{},"s":{"0":5,"1":8001,"2":8001},"f":{"0":5,"1":8001},"b":{},"meta":{"lastBranch":0,"lastFunction":2,"lastStatement":3,"seen":{"f:2:16:2:Infinity":0,"s:7:2:10:Infinity":0,"f:14:16:14:Infinity":1,"s:21:16:21:35":1,"s:22:2:22:Infinity":2}}}
,"/Users/atte/development/FSS-HS-SIMULATOR/src/simulation/ocv.ts": {"path":"/Users/atte/development/FSS-HS-SIMULATOR/src/simulation/ocv.ts","statementMap":{"0":{"start":{"line":5,"column":2},"end":{"line":5,"column":null}},"1":{"start":{"line":6,"column":12},"end":{"line":6,"column":null}},"2":{"start":{"line":7,"column":12},"end":{"line":7,"column":null}},"3":{"start":{"line":8,"column":2},"end":{"line":8,"column":null}},"4":{"start":{"line":13,"column":2},"end":{"line":13,"column":null}},"5":{"start":{"line":14,"column":2},"end":{"line":21,"column":null}},"6":{"start":{"line":27,"column":12},"end":{"line":27,"column":41}},"7":{"start":{"line":28,"column":13},"end":{"line":28,"column":null}},"8":{"start":{"line":29,"column":13},"end":{"line":29,"column":null}},"9":{"start":{"line":30,"column":2},"end":{"line":30,"column":null}},"10":{"start":{"line":35,"column":2},"end":{"line":35,"column":null}},"11":{"start":{"line":40,"column":12},"end":{"line":40,"column":41}},"12":{"start":{"line":41,"column":2},"end":{"line":44,"column":null}},"13":{"start":{"line":49,"column":21},"end":{"line":49,"column":46}},"14":{"start":{"line":50,"column":2},"end":{"line":53,"column":null}}},"fnMap":{"0":{"name":"U_pos","decl":{"start":{"line":4,"column":16},"end":{"line":4,"column":22}},"loc":{"start":{"line":4,"column":41},"end":{"line":8,"column":null}},"line":4},"1":{"name":"U_neg","decl":{"start":{"line":12,"column":16},"end":{"line":12,"column":22}},"loc":{"start":{"line":12,"column":41},"end":{"line":21,"column":null}},"line":12},"2":{"name":"ocvCell","decl":{"start":{"line":26,"column":16},"end":{"line":26,"column":24}},"loc":{"start":{"line":26,"column":45},"end":{"line":30,"column":null}},"line":26},"3":{"name":"ocvPack","decl":{"start":{"line":34,"column":16},"end":{"line":34,"column":24}},"loc":{"start":{"line":34,"column":61},"end":{"line":35,"column":null}},"line":34},"4":{"name":"stoichiometryFromSoc","decl":{"start":{"line":39,"column":16},"end":{"line":39,"column":37}},"loc":{"start":{"line":39,"column":78},"end":{"line":44,"column":null}},"line":39},"5":{"name":"initialConcentrations","decl":{"start":{"line":48,"column":16},"end":{"line":48,"column":38}},"loc":{"start":{"line":48,"column":93},"end":{"line":53,"column":null}},"line":48}},"branchMap":{},"s":{"0":804,"1":804,"2":804,"3":804,"4":796,"5":796,"6":77,"7":77,"8":77,"9":77,"10":62,"11":18,"12":18,"13":15,"14":15},"f":{"0":804,"1":796,"2":77,"3":62,"4":18,"5":15},"b":{},"meta":{"lastBranch":0,"lastFunction":6,"lastStatement":15,"seen":{"f:4:16:4:22":0,"s:5:2:5:Infinity":0,"s:6:12:6:Infinity":1,"s:7:12:7:Infinity":2,"s:8:2:8:Infinity":3,"f:12:16:12:22":1,"s:13:2:13:Infinity":4,"s:14:2:21:Infinity":5,"f:26:16:26:24":2,"s:27:12:27:41":6,"s:28:13:28:Infinity":7,"s:29:13:29:Infinity":8,"s:30:2:30:Infinity":9,"f:34:16:34:24":3,"s:35:2:35:Infinity":10,"f:39:16:39:37":4,"s:40:12:40:41":11,"s:41:2:44:Infinity":12,"f:48:16:48:38":5,"s:49:21:49:46":13,"s:50:2:53:Infinity":14}}}
,"/Users/atte/development/FSS-HS-SIMULATOR/src/simulation/shortCircuit.ts": {"path":"/Users/atte/development/FSS-HS-SIMULATOR/src/simulation/shortCircuit.ts","statementMap":{"0":{"start":{"line":23,"column":16},"end":{"line":23,"column":null}},"1":{"start":{"line":25,"column":19},"end":{"line":25,"column":null}},"2":{"start":{"line":26,"column":19},"end":{"line":26,"column":null}},"3":{"start":{"line":28,"column":15},"end":{"line":28,"column":null}},"4":{"start":{"line":29,"column":20},"end":{"line":34,"column":null}},"5":{"start":{"line":30,"column":10},"end":{"line":30,"column":41}},"6":{"start":{"line":31,"column":17},"end":{"line":31,"column":null}},"7":{"start":{"line":32,"column":17},"end":{"line":32,"column":null}},"8":{"start":{"line":33,"column":4},"end":{"line":33,"column":null}},"9":{"start":{"line":36,"column":2},"end":{"line":44,"column":null}}},"fnMap":{"0":{"name":"calcShortCircuit","decl":{"start":{"line":19,"column":16},"end":{"line":19,"column":null}},"loc":{"start":{"line":22,"column":22},"end":{"line":44,"column":null}},"line":22},"1":{"name":"(anonymous_1)","decl":{"start":{"line":29,"column":25},"end":{"line":29,"column":29}},"loc":{"start":{"line":29,"column":36},"end":{"line":34,"column":null}},"line":29}},"branchMap":{},"s":{"0":6,"1":6,"2":6,"3":6,"4":6,"5":60,"6":60,"7":60,"8":60,"9":6},"f":{"0":6,"1":60},"b":{},"meta":{"lastBranch":0,"lastFunction":2,"lastStatement":10,"seen":{"f:19:16:19:Infinity":0,"s:23:16:23:Infinity":0,"s:25:19:25:Infinity":1,"s:26:19:26:Infinity":2,"s:28:15:28:Infinity":3,"s:29:20:34:Infinity":4,"f:29:25:29:29":1,"s:30:10:30:41":5,"s:31:17:31:Infinity":6,"s:32:17:32:Infinity":7,"s:33:4:33:Infinity":8,"s:36:2:44:Infinity":9}}}
,"/Users/atte/development/FSS-HS-SIMULATOR/src/simulation/simStep.ts": {"path":"/Users/atte/development/FSS-HS-SIMULATOR/src/simulation/simStep.ts","statementMap":{"0":{"start":{"line":24,"column":12},"end":{"line":24,"column":null}},"1":{"start":{"line":27,"column":16},"end":{"line":27,"column":null}},"2":{"start":{"line":28,"column":16},"end":{"line":28,"column":null}},"3":{"start":{"line":31,"column":18},"end":{"line":31,"column":null}},"4":{"start":{"line":32,"column":18},"end":{"line":32,"column":null}},"5":{"start":{"line":33,"column":17},"end":{"line":33,"column":43}},"6":{"start":{"line":34,"column":17},"end":{"line":34,"column":43}},"7":{"start":{"line":35,"column":15},"end":{"line":35,"column":null}},"8":{"start":{"line":36,"column":16},"end":{"line":36,"column":null}},"9":{"start":{"line":39,"column":8},"end":{"line":39,"column":41}},"10":{"start":{"line":40,"column":8},"end":{"line":40,"column":41}},"11":{"start":{"line":41,"column":8},"end":{"line":41,"column":38}},"12":{"start":{"line":42,"column":8},"end":{"line":42,"column":38}},"13":{"start":{"line":45,"column":17},"end":{"line":45,"column":null}},"14":{"start":{"line":46,"column":17},"end":{"line":46,"column":null}},"15":{"start":{"line":47,"column":16},"end":{"line":47,"column":null}},"16":{"start":{"line":48,"column":16},"end":{"line":48,"column":null}},"17":{"start":{"line":51,"column":15},"end":{"line":52,"column":56}},"18":{"start":{"line":53,"column":15},"end":{"line":54,"column":56}},"19":{"start":{"line":57,"column":13},"end":{"line":57,"column":null}},"20":{"start":{"line":58,"column":13},"end":{"line":58,"column":null}},"21":{"start":{"line":61,"column":8},"end":{"line":61,"column":22}},"22":{"start":{"line":62,"column":8},"end":{"line":62,"column":22}},"23":{"start":{"line":65,"column":15},"end":{"line":65,"column":67}},"24":{"start":{"line":66,"column":15},"end":{"line":66,"column":67}},"25":{"start":{"line":69,"column":16},"end":{"line":71,"column":null}},"26":{"start":{"line":72,"column":16},"end":{"line":74,"column":null}},"27":{"start":{"line":77,"column":8},"end":{"line":77,"column":40}},"28":{"start":{"line":78,"column":17},"end":{"line":81,"column":null}},"29":{"start":{"line":82,"column":19},"end":{"line":82,"column":null}},"30":{"start":{"line":83,"column":18},"end":{"line":83,"column":null}},"31":{"start":{"line":86,"column":15},"end":{"line":86,"column":null}},"32":{"start":{"line":87,"column":15},"end":{"line":87,"column":null}},"33":{"start":{"line":88,"column":20},"end":{"line":89,"column":61}},"34":{"start":{"line":90,"column":20},"end":{"line":91,"column":61}},"35":{"start":{"line":94,"column":13},"end":{"line":94,"column":null}},"36":{"start":{"line":97,"column":17},"end":{"line":97,"column":null}},"37":{"start":{"line":98,"column":15},"end":{"line":98,"column":null}},"38":{"start":{"line":99,"column":14},"end":{"line":99,"column":null}},"39":{"start":{"line":100,"column":2},"end":{"line":101,"column":null}},"40":{"start":{"line":100,"column":17},"end":{"line":100,"column":null}},"41":{"start":{"line":101,"column":7},"end":{"line":101,"column":null}},"42":{"start":{"line":104,"column":14},"end":{"line":104,"column":63}},"43":{"start":{"line":105,"column":12},"end":{"line":105,"column":null}},"44":{"start":{"line":108,"column":14},"end":{"line":108,"column":null}},"45":{"start":{"line":109,"column":14},"end":{"line":109,"column":null}},"46":{"start":{"line":110,"column":14},"end":{"line":110,"column":null}},"47":{"start":{"line":111,"column":14},"end":{"line":111,"column":79}},"48":{"start":{"line":113,"column":29},"end":{"line":125,"column":null}},"49":{"start":{"line":127,"column":34},"end":{"line":152,"column":null}},"50":{"start":{"line":154,"column":2},"end":{"line":154,"column":null}}},"fnMap":{"0":{"name":"simStep","decl":{"start":{"line":17,"column":16},"end":{"line":17,"column":null}},"loc":{"start":{"line":23,"column":17},"end":{"line":154,"column":null}},"line":23}},"branchMap":{"0":{"loc":{"start":{"line":69,"column":16},"end":{"line":71,"column":null}},"type":"cond-expr","locations":[{"start":{"line":70,"column":7},"end":{"line":70,"column":64}},{"start":{"line":71,"column":6},"end":{"line":71,"column":null}}],"line":69},"1":{"loc":{"start":{"line":72,"column":16},"end":{"line":74,"column":null}},"type":"cond-expr","locations":[{"start":{"line":73,"column":7},"end":{"line":73,"column":64}},{"start":{"line":74,"column":6},"end":{"line":74,"column":null}}],"line":72},"2":{"loc":{"start":{"line":100,"column":2},"end":{"line":101,"column":null}},"type":"if","locations":[{"start":{"line":100,"column":2},"end":{"line":101,"column":null}},{"start":{"line":101,"column":7},"end":{"line":101,"column":null}}],"line":100}},"s":{"0":355,"1":355,"2":355,"3":355,"4":355,"5":355,"6":355,"7":355,"8":355,"9":355,"10":355,"11":355,"12":355,"13":355,"14":355,"15":355,"16":355,"17":355,"18":355,"19":355,"20":355,"21":355,"22":355,"23":355,"24":355,"25":355,"26":355,"27":355,"28":355,"29":355,"30":355,"31":355,"32":355,"33":355,"34":355,"35":355,"36":355,"37":355,"38":355,"39":355,"40":353,"41":2,"42":355,"43":355,"44":355,"45":355,"46":355,"47":355,"48":355,"49":355,"50":355},"f":{"0":355},"b":{"0":[355,0],"1":[355,0],"2":[353,2]},"meta":{"lastBranch":3,"lastFunction":1,"lastStatement":51,"seen":{"f:17:16:17:Infinity":0,"s:24:12:24:Infinity":0,"s:27:16:27:Infinity":1,"s:28:16:28:Infinity":2,"s:31:18:31:Infinity":3,"s:32:18:32:Infinity":4,"s:33:17:33:43":5,"s:34:17:34:43":6,"s:35:15:35:Infinity":7,"s:36:16:36:Infinity":8,"s:39:8:39:41":9,"s:40:8:40:41":10,"s:41:8:41:38":11,"s:42:8:42:38":12,"s:45:17:45:Infinity":13,"s:46:17:46:Infinity":14,"s:47:16:47:Infinity":15,"s:48:16:48:Infinity":16,"s:51:15:52:56":17,"s:53:15:54:56":18,"s:57:13:57:Infinity":19,"s:58:13:58:Infinity":20,"s:61:8:61:22":21,"s:62:8:62:22":22,"s:65:15:65:67":23,"s:66:15:66:67":24,"s:69:16:71:Infinity":25,"b:70:7:70:64:71:6:71:Infinity":0,"s:72:16:74:Infinity":26,"b:73:7:73:64:74:6:74:Infinity":1,"s:77:8:77:40":27,"s:78:17:81:Infinity":28,"s:82:19:82:Infinity":29,"s:83:18:83:Infinity":30,"s:86:15:86:Infinity":31,"s:87:15:87:Infinity":32,"s:88:20:89:61":33,"s:90:20:91:61":34,"s:94:13:94:Infinity":35,"s:97:17:97:Infinity":36,"s:98:15:98:Infinity":37,"s:99:14:99:Infinity":38,"b:100:2:101:Infinity:101:7:101:Infinity":2,"s:100:2:101:Infinity":39,"s:100:17:100:Infinity":40,"s:101:7:101:Infinity":41,"s:104:14:104:63":42,"s:105:12:105:Infinity":43,"s:108:14:108:Infinity":44,"s:109:14:109:Infinity":45,"s:110:14:110:Infinity":46,"s:111:14:111:79":47,"s:113:29:125:Infinity":48,"s:127:34:152:Infinity":49,"s:154:2:154:Infinity":50}}}
,"/Users/atte/development/FSS-HS-SIMULATOR/src/simulation/spm.ts": {"path":"/Users/atte/development/FSS-HS-SIMULATOR/src/simulation/spm.ts","statementMap":{"0":{"start":{"line":5,"column":2},"end":{"line":5,"column":null}},"1":{"start":{"line":10,"column":13},"end":{"line":10,"column":null}},"2":{"start":{"line":11,"column":2},"end":{"line":11,"column":null}},"3":{"start":{"line":23,"column":2},"end":{"line":23,"column":null}},"4":{"start":{"line":28,"column":2},"end":{"line":28,"column":null}},"5":{"start":{"line":28,"column":19},"end":{"line":28,"column":null}},"6":{"start":{"line":29,"column":2},"end":{"line":29,"column":null}},"7":{"start":{"line":41,"column":13},"end":{"line":41,"column":null}},"8":{"start":{"line":42,"column":18},"end":{"line":42,"column":null}},"9":{"start":{"line":43,"column":2},"end":{"line":43,"column":null}}},"fnMap":{"0":{"name":"arrhenius","decl":{"start":{"line":4,"column":16},"end":{"line":4,"column":26}},"loc":{"start":{"line":4,"column":71},"end":{"line":5,"column":null}},"line":4},"1":{"name":"surfaceConc","decl":{"start":{"line":9,"column":16},"end":{"line":9,"column":28}},"loc":{"start":{"line":9,"column":103},"end":{"line":11,"column":null}},"line":9},"2":{"name":"exchangeCurrentDensity","decl":{"start":{"line":15,"column":16},"end":{"line":15,"column":null}},"loc":{"start":{"line":22,"column":10},"end":{"line":23,"column":null}},"line":22},"3":{"name":"butlerVolmer","decl":{"start":{"line":27,"column":16},"end":{"line":27,"column":29}},"loc":{"start":{"line":27,"column":73},"end":{"line":29,"column":null}},"line":27},"4":{"name":"updateBulkConc","decl":{"start":{"line":33,"column":16},"end":{"line":33,"column":null}},"loc":{"start":{"line":40,"column":10},"end":{"line":43,"column":null}},"line":40}},"branchMap":{"0":{"loc":{"start":{"line":28,"column":2},"end":{"line":28,"column":null}},"type":"if","locations":[{"start":{"line":28,"column":2},"end":{"line":28,"column":null}},{"start":{},"end":{}}],"line":28}},"s":{"0":1427,"1":4,"2":4,"3":11,"4":9,"5":1,"6":8,"7":4,"8":4,"9":4},"f":{"0":1427,"1":4,"2":11,"3":9,"4":4},"b":{"0":[1,8]},"meta":{"lastBranch":1,"lastFunction":5,"lastStatement":10,"seen":{"f:4:16:4:26":0,"s:5:2:5:Infinity":0,"f:9:16:9:28":1,"s:10:13:10:Infinity":1,"s:11:2:11:Infinity":2,"f:15:16:15:Infinity":2,"s:23:2:23:Infinity":3,"f:27:16:27:29":3,"b:28:2:28:Infinity:undefined:undefined:undefined:undefined":0,"s:28:2:28:Infinity":4,"s:28:19:28:Infinity":5,"s:29:2:29:Infinity":6,"f:33:16:33:Infinity":4,"s:41:13:41:Infinity":7,"s:42:18:42:Infinity":8,"s:43:2:43:Infinity":9}}}
,"/Users/atte/development/FSS-HS-SIMULATOR/src/simulation/thermal.ts": {"path":"/Users/atte/development/FSS-HS-SIMULATOR/src/simulation/thermal.ts","statementMap":{"0":{"start":{"line":15,"column":14},"end":{"line":15,"column":null}},"1":{"start":{"line":17,"column":14},"end":{"line":17,"column":null}},"2":{"start":{"line":19,"column":14},"end":{"line":19,"column":null}},"3":{"start":{"line":21,"column":16},"end":{"line":21,"column":null}},"4":{"start":{"line":22,"column":2},"end":{"line":22,"column":null}},"5":{"start":{"line":27,"column":2},"end":{"line":27,"column":null}}},"fnMap":{"0":{"name":"stepThermal","decl":{"start":{"line":4,"column":16},"end":{"line":4,"column":null}},"loc":{"start":{"line":13,"column":10},"end":{"line":22,"column":null}},"line":13},"1":{"name":"jouleHeat","decl":{"start":{"line":26,"column":16},"end":{"line":26,"column":26}},"loc":{"start":{"line":26,"column":69},"end":{"line":27,"column":null}},"line":26}},"branchMap":{},"s":{"0":3606,"1":3606,"2":3606,"3":3606,"4":3606,"5":0},"f":{"0":3606,"1":0},"b":{},"meta":{"lastBranch":0,"lastFunction":2,"lastStatement":6,"seen":{"f:4:16:4:Infinity":0,"s:15:14:15:Infinity":0,"s:17:14:17:Infinity":1,"s:19:14:19:Infinity":2,"s:21:16:21:Infinity":3,"s:22:2:22:Infinity":4,"f:26:16:26:26":1,"s:27:2:27:Infinity":5}}}
,"/Users/atte/development/FSS-HS-SIMULATOR/src/simulation/endurance/enduranceModel.ts": {"path":"/Users/atte/development/FSS-HS-SIMULATOR/src/simulation/endurance/enduranceModel.ts","statementMap":{"0":{"start":{"line":27,"column":13},"end":{"line":27,"column":null}},"1":{"start":{"line":28,"column":13},"end":{"line":28,"column":null}},"2":{"start":{"line":29,"column":13},"end":{"line":29,"column":null}},"3":{"start":{"line":30,"column":12},"end":{"line":30,"column":null}},"4":{"start":{"line":31,"column":14},"end":{"line":31,"column":null}},"5":{"start":{"line":33,"column":21},"end":{"line":33,"column":null}},"6":{"start":{"line":34,"column":21},"end":{"line":34,"column":69}},"7":{"start":{"line":36,"column":10},"end":{"line":36,"column":null}},"8":{"start":{"line":37,"column":10},"end":{"line":37,"column":null}},"9":{"start":{"line":38,"column":13},"end":{"line":38,"column":null}},"10":{"start":{"line":39,"column":13},"end":{"line":39,"column":null}},"11":{"start":{"line":41,"column":2},"end":{"line":52,"column":null}},"12":{"start":{"line":42,"column":18},"end":{"line":43,"column":null}},"13":{"start":{"line":44,"column":14},"end":{"line":44,"column":42}},"14":{"start":{"line":45,"column":15},"end":{"line":45,"column":39}},"15":{"start":{"line":46,"column":10},"end":{"line":46,"column":null}},"16":{"start":{"line":47,"column":20},"end":{"line":47,"column":null}},"17":{"start":{"line":48,"column":4},"end":{"line":48,"column":null}},"18":{"start":{"line":49,"column":4},"end":{"line":49,"column":null}},"19":{"start":{"line":50,"column":4},"end":{"line":50,"column":null}},"20":{"start":{"line":51,"column":4},"end":{"line":51,"column":null}},"21":{"start":{"line":52,"column":4},"end":{"line":52,"column":null}},"22":{"start":{"line":52,"column":16},"end":{"line":52,"column":null}},"23":{"start":{"line":55,"column":2},"end":{"line":55,"column":null}},"24":{"start":{"line":66,"column":13},"end":{"line":66,"column":null}},"25":{"start":{"line":67,"column":13},"end":{"line":67,"column":null}},"26":{"start":{"line":68,"column":17},"end":{"line":68,"column":null}},"27":{"start":{"line":69,"column":21},"end":{"line":69,"column":null}},"28":{"start":{"line":70,"column":18},"end":{"line":70,"column":null}},"29":{"start":{"line":71,"column":8},"end":{"line":71,"column":null}},"30":{"start":{"line":72,"column":8},"end":{"line":72,"column":null}},"31":{"start":{"line":73,"column":2},"end":{"line":73,"column":null}},"32":{"start":{"line":86,"column":12},"end":{"line":86,"column":null}},"33":{"start":{"line":87,"column":12},"end":{"line":87,"column":null}},"34":{"start":{"line":88,"column":17},"end":{"line":88,"column":null}},"35":{"start":{"line":89,"column":14},"end":{"line":89,"column":null}},"36":{"start":{"line":90,"column":2},"end":{"line":90,"column":null}}},"fnMap":{"0":{"name":"simulateAccelSegment","decl":{"start":{"line":10,"column":16},"end":{"line":10,"column":null}},"loc":{"start":{"line":26,"column":17},"end":{"line":55,"column":null}},"line":26},"1":{"name":"simulateBrakeSegment","decl":{"start":{"line":59,"column":16},"end":{"line":59,"column":null}},"loc":{"start":{"line":65,"column":17},"end":{"line":73,"column":null}},"line":65},"2":{"name":"simulateCornerSegment","decl":{"start":{"line":77,"column":16},"end":{"line":77,"column":null}},"loc":{"start":{"line":85,"column":17},"end":{"line":90,"column":null}},"line":85}},"branchMap":{"0":{"loc":{"start":{"line":52,"column":4},"end":{"line":52,"column":null}},"type":"if","locations":[{"start":{"line":52,"column":4},"end":{"line":52,"column":null}},{"start":{},"end":{}}],"line":52}},"s":{"0":0,"1":0,"2":0,"3":0,"4":0,"5":0,"6":0,"7":0,"8":0,"9":0,"10":0,"11":0,"12":0,"13":0,"14":0,"15":0,"16":0,"17":0,"18":0,"19":0,"20":0,"21":0,"22":0,"23":0,"24":0,"25":0,"26":0,"27":0,"28":0,"29":0,"30":0,"31":0,"32":0,"33":0,"34":0,"35":0,"36":0},"f":{"0":0,"1":0,"2":0},"b":{"0":[0,0]},"meta":{"lastBranch":1,"lastFunction":3,"lastStatement":37,"seen":{"f:10:16:10:Infinity":0,"s:27:13:27:Infinity":0,"s:28:13:28:Infinity":1,"s:29:13:29:Infinity":2,"s:30:12:30:Infinity":3,"s:31:14:31:Infinity":4,"s:33:21:33:Infinity":5,"s:34:21:34:69":6,"s:36:10:36:Infinity":7,"s:37:10:37:Infinity":8,"s:38:13:38:Infinity":9,"s:39:13:39:Infinity":10,"s:41:2:52:Infinity":11,"s:42:18:43:Infinity":12,"s:44:14:44:42":13,"s:45:15:45:39":14,"s:46:10:46:Infinity":15,"s:47:20:47:Infinity":16,"s:48:4:48:Infinity":17,"s:49:4:49:Infinity":18,"s:50:4:50:Infinity":19,"s:51:4:51:Infinity":20,"b:52:4:52:Infinity:undefined:undefined:undefined:undefined":0,"s:52:4:52:Infinity":21,"s:52:16:52:Infinity":22,"s:55:2:55:Infinity":23,"f:59:16:59:Infinity":1,"s:66:13:66:Infinity":24,"s:67:13:67:Infinity":25,"s:68:17:68:Infinity":26,"s:69:21:69:Infinity":27,"s:70:18:70:Infinity":28,"s:71:8:71:Infinity":29,"s:72:8:72:Infinity":30,"s:73:2:73:Infinity":31,"f:77:16:77:Infinity":2,"s:86:12:86:Infinity":32,"s:87:12:87:Infinity":33,"s:88:17:88:Infinity":34,"s:89:14:89:Infinity":35,"s:90:2:90:Infinity":36}}}
,"/Users/atte/development/FSS-HS-SIMULATOR/src/simulation/endurance/enduranceSolver.ts": {"path":"/Users/atte/development/FSS-HS-SIMULATOR/src/simulation/endurance/enduranceSolver.ts","statementMap":{"0":{"start":{"line":38,"column":8},"end":{"line":45,"column":null}},"1":{"start":{"line":48,"column":8},"end":{"line":50,"column":null}},"2":{"start":{"line":53,"column":8},"end":{"line":56,"column":null}},"3":{"start":{"line":59,"column":29},"end":{"line":59,"column":null}},"4":{"start":{"line":60,"column":24},"end":{"line":60,"column":70}},"5":{"start":{"line":61,"column":19},"end":{"line":61,"column":null}},"6":{"start":{"line":62,"column":21},"end":{"line":62,"column":null}},"7":{"start":{"line":63,"column":26},"end":{"line":64,"column":null}},"8":{"start":{"line":65,"column":23},"end":{"line":65,"column":null}},"9":{"start":{"line":66,"column":24},"end":{"line":66,"column":null}},"10":{"start":{"line":68,"column":23},"end":{"line":68,"column":null}},"11":{"start":{"line":69,"column":27},"end":{"line":69,"column":64}},"12":{"start":{"line":70,"column":21},"end":{"line":70,"column":null}},"13":{"start":{"line":72,"column":19},"end":{"line":72,"column":null}},"14":{"start":{"line":73,"column":20},"end":{"line":73,"column":null}},"15":{"start":{"line":74,"column":22},"end":{"line":74,"column":null}},"16":{"start":{"line":76,"column":27},"end":{"line":76,"column":null}},"17":{"start":{"line":77,"column":25},"end":{"line":77,"column":69}},"18":{"start":{"line":78,"column":24},"end":{"line":78,"column":69}},"19":{"start":{"line":79,"column":21},"end":{"line":79,"column":null}},"20":{"start":{"line":81,"column":32},"end":{"line":81,"column":34}},"21":{"start":{"line":82,"column":12},"end":{"line":82,"column":null}},"22":{"start":{"line":83,"column":2},"end":{"line":86,"column":null}},"23":{"start":{"line":83,"column":15},"end":{"line":83,"column":18}},"24":{"start":{"line":84,"column":4},"end":{"line":84,"column":null}},"25":{"start":{"line":85,"column":18},"end":{"line":85,"column":null}},"26":{"start":{"line":86,"column":4},"end":{"line":86,"column":null}},"27":{"start":{"line":89,"column":21},"end":{"line":89,"column":null}},"28":{"start":{"line":91,"column":2},"end":{"line":105,"column":null}}},"fnMap":{"0":{"name":"runEndurance","decl":{"start":{"line":31,"column":16},"end":{"line":31,"column":null}},"loc":{"start":{"line":37,"column":19},"end":{"line":105,"column":null}},"line":37}},"branchMap":{"0":{"loc":{"start":{"line":89,"column":21},"end":{"line":89,"column":null}},"type":"cond-expr","locations":[{"start":{"line":89,"column":34},"end":{"line":89,"column":39}},{"start":{"line":89,"column":39},"end":{"line":89,"column":null}}],"line":89},"1":{"loc":{"start":{"line":104,"column":13},"end":{"line":104,"column":null}},"type":"binary-expr","locations":[{"start":{"line":104,"column":13},"end":{"line":104,"column":43}},{"start":{"line":104,"column":43},"end":{"line":104,"column":null}}],"line":104}},"s":{"0":0,"1":0,"2":0,"3":0,"4":0,"5":0,"6":0,"7":0,"8":0,"9":0,"10":0,"11":0,"12":0,"13":0,"14":0,"15":0,"16":0,"17":0,"18":0,"19":0,"20":0,"21":0,"22":0,"23":0,"24":0,"25":0,"26":0,"27":0,"28":0},"f":{"0":0},"b":{"0":[0,0],"1":[0,0]},"meta":{"lastBranch":2,"lastFunction":1,"lastStatement":29,"seen":{"f:31:16:31:Infinity":0,"s:38:8:45:Infinity":0,"s:48:8:50:Infinity":1,"s:53:8:56:Infinity":2,"s:59:29:59:Infinity":3,"s:60:24:60:70":4,"s:61:19:61:Infinity":5,"s:62:21:62:Infinity":6,"s:63:26:64:Infinity":7,"s:65:23:65:Infinity":8,"s:66:24:66:Infinity":9,"s:68:23:68:Infinity":10,"s:69:27:69:64":11,"s:70:21:70:Infinity":12,"s:72:19:72:Infinity":13,"s:73:20:73:Infinity":14,"s:74:22:74:Infinity":15,"s:76:27:76:Infinity":16,"s:77:25:77:69":17,"s:78:24:78:69":18,"s:79:21:79:Infinity":19,"s:81:32:81:34":20,"s:82:12:82:Infinity":21,"s:83:2:86:Infinity":22,"s:83:15:83:18":23,"s:84:4:84:Infinity":24,"s:85:18:85:Infinity":25,"s:86:4:86:Infinity":26,"s:89:21:89:Infinity":27,"b:89:34:89:39:89:39:89:Infinity":0,"s:91:2:105:Infinity":28,"b:104:13:104:43:104:43:104:Infinity":1}}}
,"/Users/atte/development/FSS-HS-SIMULATOR/src/simulation/motor/efficiencyMap.ts": {"path":"/Users/atte/development/FSS-HS-SIMULATOR/src/simulation/motor/efficiencyMap.ts","statementMap":{"0":{"start":{"line":10,"column":8},"end":{"line":10,"column":40}},"1":{"start":{"line":11,"column":18},"end":{"line":11,"column":null}},"2":{"start":{"line":12,"column":16},"end":{"line":12,"column":null}},"3":{"start":{"line":14,"column":32},"end":{"line":14,"column":34}},"4":{"start":{"line":16,"column":2},"end":{"line":48,"column":null}},"5":{"start":{"line":16,"column":16},"end":{"line":16,"column":19}},"6":{"start":{"line":17,"column":31},"end":{"line":17,"column":33}},"7":{"start":{"line":18,"column":10},"end":{"line":18,"column":null}},"8":{"start":{"line":19,"column":18},"end":{"line":19,"column":null}},"9":{"start":{"line":20,"column":19},"end":{"line":20,"column":null}},"10":{"start":{"line":22,"column":4},"end":{"line":46,"column":null}},"11":{"start":{"line":22,"column":18},"end":{"line":22,"column":21}},"12":{"start":{"line":23,"column":12},"end":{"line":23,"column":null}},"13":{"start":{"line":24,"column":22},"end":{"line":24,"column":null}},"14":{"start":{"line":26,"column":20},"end":{"line":28,"column":null}},"15":{"start":{"line":30,"column":6},"end":{"line":32,"column":null}},"16":{"start":{"line":31,"column":8},"end":{"line":31,"column":null}},"17":{"start":{"line":32,"column":8},"end":{"line":32,"column":null}},"18":{"start":{"line":35,"column":21},"end":{"line":35,"column":null}},"19":{"start":{"line":36,"column":12},"end":{"line":36,"column":null}},"20":{"start":{"line":37,"column":18},"end":{"line":37,"column":null}},"21":{"start":{"line":39,"column":6},"end":{"line":46,"column":null}},"22":{"start":{"line":48,"column":4},"end":{"line":48,"column":null}},"23":{"start":{"line":51,"column":2},"end":{"line":51,"column":null}},"24":{"start":{"line":56,"column":2},"end":{"line":56,"column":null}},"25":{"start":{"line":57,"column":2},"end":{"line":57,"column":null}},"26":{"start":{"line":57,"column":18},"end":{"line":57,"column":null}},"27":{"start":{"line":58,"column":2},"end":{"line":60,"column":null}},"28":{"start":{"line":59,"column":10},"end":{"line":59,"column":null}},"29":{"start":{"line":60,"column":4},"end":{"line":60,"column":null}},"30":{"start":{"line":62,"column":2},"end":{"line":64,"column":null}},"31":{"start":{"line":63,"column":10},"end":{"line":63,"column":null}},"32":{"start":{"line":64,"column":4},"end":{"line":64,"column":null}},"33":{"start":{"line":66,"column":8},"end":{"line":66,"column":null}},"34":{"start":{"line":67,"column":2},"end":{"line":67,"column":null}}},"fnMap":{"0":{"name":"calcEffMap","decl":{"start":{"line":4,"column":16},"end":{"line":4,"column":null}},"loc":{"start":{"line":9,"column":19},"end":{"line":51,"column":null}},"line":9},"1":{"name":"etaColor","decl":{"start":{"line":55,"column":16},"end":{"line":55,"column":25}},"loc":{"start":{"line":55,"column":46},"end":{"line":67,"column":null}},"line":55}},"branchMap":{"0":{"loc":{"start":{"line":7,"column":2},"end":{"line":7,"column":null}},"type":"default-arg","locations":[{"start":{"line":7,"column":15},"end":{"line":7,"column":null}}],"line":7},"1":{"loc":{"start":{"line":8,"column":2},"end":{"line":8,"column":null}},"type":"default-arg","locations":[{"start":{"line":8,"column":15},"end":{"line":8,"column":null}}],"line":8},"2":{"loc":{"start":{"line":26,"column":20},"end":{"line":28,"column":null}},"type":"binary-expr","locations":[{"start":{"line":26,"column":20},"end":{"line":26,"column":null}},{"start":{"line":27,"column":8},"end":{"line":27,"column":null}},{"start":{"line":28,"column":8},"end":{"line":28,"column":null}}],"line":26},"3":{"loc":{"start":{"line":30,"column":6},"end":{"line":32,"column":null}},"type":"if","locations":[{"start":{"line":30,"column":6},"end":{"line":32,"column":null}},{"start":{},"end":{}}],"line":30},"4":{"loc":{"start":{"line":37,"column":18},"end":{"line":37,"column":null}},"type":"cond-expr","locations":[{"start":{"line":37,"column":32},"end":{"line":37,"column":49}},{"start":{"line":37,"column":49},"end":{"line":37,"column":null}}],"line":37},"5":{"loc":{"start":{"line":57,"column":2},"end":{"line":57,"column":null}},"type":"if","locations":[{"start":{"line":57,"column":2},"end":{"line":57,"column":null}},{"start":{},"end":{}}],"line":57},"6":{"loc":{"start":{"line":58,"column":2},"end":{"line":60,"column":null}},"type":"if","locations":[{"start":{"line":58,"column":2},"end":{"line":60,"column":null}},{"start":{},"end":{}}],"line":58},"7":{"loc":{"start":{"line":62,"column":2},"end":{"line":64,"column":null}},"type":"if","locations":[{"start":{"line":62,"column":2},"end":{"line":64,"column":null}},{"start":{},"end":{}}],"line":62}},"s":{"0":4,"1":4,"2":4,"3":4,"4":4,"5":4,"6":100,"7":100,"8":100,"9":100,"10":100,"11":100,"12":2200,"13":2200,"14":2200,"15":2200,"16":101,"17":101,"18":2099,"19":2099,"20":2099,"21":2200,"22":100,"23":4,"24":0,"25":0,"26":0,"27":0,"28":0,"29":0,"30":0,"31":0,"32":0,"33":0,"34":0},"f":{"0":4,"1":0},"b":{"0":[4],"1":[4],"2":[2200,2100,2099],"3":[101,2099],"4":[2099,0],"5":[0,0],"6":[0,0],"7":[0,0]},"meta":{"lastBranch":8,"lastFunction":2,"lastStatement":35,"seen":{"f:4:16:4:Infinity":0,"b:7:15:7:Infinity":0,"b:8:15:8:Infinity":1,"s:10:8:10:40":0,"s:11:18:11:Infinity":1,"s:12:16:12:Infinity":2,"s:14:32:14:34":3,"s:16:2:48:Infinity":4,"s:16:16:16:19":5,"s:17:31:17:33":6,"s:18:10:18:Infinity":7,"s:19:18:19:Infinity":8,"s:20:19:20:Infinity":9,"s:22:4:46:Infinity":10,"s:22:18:22:21":11,"s:23:12:23:Infinity":12,"s:24:22:24:Infinity":13,"s:26:20:28:Infinity":14,"b:26:20:26:Infinity:27:8:27:Infinity:28:8:28:Infinity":2,"b:30:6:32:Infinity:undefined:undefined:undefined:undefined":3,"s:30:6:32:Infinity":15,"s:31:8:31:Infinity":16,"s:32:8:32:Infinity":17,"s:35:21:35:Infinity":18,"s:36:12:36:Infinity":19,"s:37:18:37:Infinity":20,"b:37:32:37:49:37:49:37:Infinity":4,"s:39:6:46:Infinity":21,"s:48:4:48:Infinity":22,"s:51:2:51:Infinity":23,"f:55:16:55:25":1,"s:56:2:56:Infinity":24,"b:57:2:57:Infinity:undefined:undefined:undefined:undefined":5,"s:57:2:57:Infinity":25,"s:57:18:57:Infinity":26,"b:58:2:60:Infinity:undefined:undefined:undefined:undefined":6,"s:58:2:60:Infinity":27,"s:59:10:59:Infinity":28,"s:60:4:60:Infinity":29,"b:62:2:64:Infinity:undefined:undefined:undefined:undefined":7,"s:62:2:64:Infinity":30,"s:63:10:63:Infinity":31,"s:64:4:64:Infinity":32,"s:66:8:66:Infinity":33,"s:67:2:67:Infinity":34}}}
,"/Users/atte/development/FSS-HS-SIMULATOR/src/simulation/motor/iceEngine.ts": {"path":"/Users/atte/development/FSS-HS-SIMULATOR/src/simulation/motor/iceEngine.ts","statementMap":{"0":{"start":{"line":2,"column":52},"end":{"line":11,"column":null}},"1":{"start":{"line":15,"column":2},"end":{"line":15,"column":null}},"2":{"start":{"line":15,"column":26},"end":{"line":15,"column":null}},"3":{"start":{"line":16,"column":2},"end":{"line":16,"column":null}},"4":{"start":{"line":16,"column":41},"end":{"line":16,"column":null}},"5":{"start":{"line":17,"column":2},"end":{"line":20,"column":null}},"6":{"start":{"line":17,"column":15},"end":{"line":17,"column":18}},"7":{"start":{"line":18,"column":4},"end":{"line":20,"column":null}},"8":{"start":{"line":19,"column":12},"end":{"line":19,"column":null}},"9":{"start":{"line":20,"column":6},"end":{"line":20,"column":null}},"10":{"start":{"line":23,"column":2},"end":{"line":23,"column":null}},"11":{"start":{"line":29,"column":2},"end":{"line":29,"column":null}}},"fnMap":{"0":{"name":"interpICETorque","decl":{"start":{"line":14,"column":16},"end":{"line":14,"column":32}},"loc":{"start":{"line":14,"column":99},"end":{"line":23,"column":null}},"line":14},"1":{"name":"calcIceFuelStep","decl":{"start":{"line":27,"column":16},"end":{"line":27,"column":32}},"loc":{"start":{"line":27,"column":83},"end":{"line":29,"column":null}},"line":27}},"branchMap":{"0":{"loc":{"start":{"line":14,"column":45},"end":{"line":14,"column":99}},"type":"default-arg","locations":[{"start":{"line":14,"column":73},"end":{"line":14,"column":99}}],"line":14},"1":{"loc":{"start":{"line":15,"column":2},"end":{"line":15,"column":null}},"type":"if","locations":[{"start":{"line":15,"column":2},"end":{"line":15,"column":null}},{"start":{},"end":{}}],"line":15},"2":{"loc":{"start":{"line":16,"column":2},"end":{"line":16,"column":null}},"type":"if","locations":[{"start":{"line":16,"column":2},"end":{"line":16,"column":null}},{"start":{},"end":{}}],"line":16},"3":{"loc":{"start":{"line":18,"column":4},"end":{"line":20,"column":null}},"type":"if","locations":[{"start":{"line":18,"column":4},"end":{"line":20,"column":null}},{"start":{},"end":{}}],"line":18}},"s":{"0":0,"1":0,"2":0,"3":0,"4":0,"5":0,"6":0,"7":0,"8":0,"9":0,"10":0,"11":0},"f":{"0":0,"1":0},"b":{"0":[0],"1":[0,0],"2":[0,0],"3":[0,0]},"meta":{"lastBranch":4,"lastFunction":2,"lastStatement":12,"seen":{"s:2:52:11:Infinity":0,"f:14:16:14:32":0,"b:14:73:14:99":0,"b:15:2:15:Infinity:undefined:undefined:undefined:undefined":1,"s:15:2:15:Infinity":1,"s:15:26:15:Infinity":2,"b:16:2:16:Infinity:undefined:undefined:undefined:undefined":2,"s:16:2:16:Infinity":3,"s:16:41:16:Infinity":4,"s:17:2:20:Infinity":5,"s:17:15:17:18":6,"b:18:4:20:Infinity:undefined:undefined:undefined:undefined":3,"s:18:4:20:Infinity":7,"s:19:12:19:Infinity":8,"s:20:6:20:Infinity":9,"s:23:2:23:Infinity":10,"f:27:16:27:32":1,"s:29:2:29:Infinity":11}}}
,"/Users/atte/development/FSS-HS-SIMULATOR/src/simulation/motor/motorConstants.ts": {"path":"/Users/atte/development/FSS-HS-SIMULATOR/src/simulation/motor/motorConstants.ts","statementMap":{"0":{"start":{"line":4,"column":2},"end":{"line":4,"column":null}},"1":{"start":{"line":9,"column":2},"end":{"line":9,"column":null}},"2":{"start":{"line":13,"column":29},"end":{"line":47,"column":null}}},"fnMap":{"0":{"name":"kVtoKt","decl":{"start":{"line":2,"column":16},"end":{"line":2,"column":23}},"loc":{"start":{"line":2,"column":48},"end":{"line":4,"column":null}},"line":2},"1":{"name":"kVradFromKv","decl":{"start":{"line":8,"column":16},"end":{"line":8,"column":28}},"loc":{"start":{"line":8,"column":53},"end":{"line":9,"column":null}},"line":8}},"branchMap":{},"s":{"0":3,"1":5,"2":1},"f":{"0":3,"1":5},"b":{},"meta":{"lastBranch":0,"lastFunction":2,"lastStatement":3,"seen":{"f:2:16:2:23":0,"s:4:2:4:Infinity":0,"f:8:16:8:28":1,"s:9:2:9:Infinity":1,"s:13:29:47:Infinity":2}}}
,"/Users/atte/development/FSS-HS-SIMULATOR/src/simulation/motor/motorStep.ts": {"path":"/Users/atte/development/FSS-HS-SIMULATOR/src/simulation/motor/motorStep.ts","statementMap":{"0":{"start":{"line":40,"column":16},"end":{"line":40,"column":null}},"1":{"start":{"line":41,"column":17},"end":{"line":41,"column":null}},"2":{"start":{"line":42,"column":8},"end":{"line":42,"column":46}},"3":{"start":{"line":44,"column":8},"end":{"line":44,"column":35}},"4":{"start":{"line":45,"column":18},"end":{"line":45,"column":null}},"5":{"start":{"line":46,"column":21},"end":{"line":46,"column":null}},"6":{"start":{"line":49,"column":20},"end":{"line":49,"column":76}},"7":{"start":{"line":50,"column":22},"end":{"line":50,"column":null}},"8":{"start":{"line":58,"column":19},"end":{"line":58,"column":null}},"9":{"start":{"line":60,"column":16},"end":{"line":60,"column":null}},"10":{"start":{"line":62,"column":2},"end":{"line":107,"column":null}},"11":{"start":{"line":64,"column":25},"end":{"line":64,"column":null}},"12":{"start":{"line":65,"column":24},"end":{"line":65,"column":null}},"13":{"start":{"line":67,"column":19},"end":{"line":67,"column":null}},"14":{"start":{"line":68,"column":10},"end":{"line":68,"column":null}},"15":{"start":{"line":69,"column":4},"end":{"line":69,"column":null}},"16":{"start":{"line":70,"column":4},"end":{"line":70,"column":null}},"17":{"start":{"line":71,"column":4},"end":{"line":73,"column":null}},"18":{"start":{"line":72,"column":6},"end":{"line":72,"column":null}},"19":{"start":{"line":73,"column":6},"end":{"line":73,"column":null}},"20":{"start":{"line":75,"column":4},"end":{"line":75,"column":null}},"21":{"start":{"line":76,"column":4},"end":{"line":76,"column":null}},"22":{"start":{"line":77,"column":4},"end":{"line":77,"column":null}},"23":{"start":{"line":78,"column":4},"end":{"line":78,"column":null}},"24":{"start":{"line":81,"column":19},"end":{"line":81,"column":null}},"25":{"start":{"line":82,"column":27},"end":{"line":82,"column":75}},"26":{"start":{"line":84,"column":21},"end":{"line":84,"column":null}},"27":{"start":{"line":85,"column":4},"end":{"line":85,"column":null}},"28":{"start":{"line":87,"column":24},"end":{"line":87,"column":null}},"29":{"start":{"line":88,"column":4},"end":{"line":88,"column":null}},"30":{"start":{"line":89,"column":4},"end":{"line":89,"column":null}},"31":{"start":{"line":91,"column":21},"end":{"line":91,"column":null}},"32":{"start":{"line":92,"column":25},"end":{"line":92,"column":null}},"33":{"start":{"line":94,"column":18},"end":{"line":94,"column":null}},"34":{"start":{"line":95,"column":4},"end":{"line":98,"column":null}},"35":{"start":{"line":96,"column":6},"end":{"line":96,"column":null}},"36":{"start":{"line":98,"column":6},"end":{"line":98,"column":null}},"37":{"start":{"line":100,"column":4},"end":{"line":100,"column":null}},"38":{"start":{"line":101,"column":4},"end":{"line":101,"column":null}},"39":{"start":{"line":102,"column":4},"end":{"line":102,"column":null}},"40":{"start":{"line":104,"column":4},"end":{"line":107,"column":null}},"41":{"start":{"line":105,"column":6},"end":{"line":105,"column":null}},"42":{"start":{"line":107,"column":6},"end":{"line":107,"column":null}},"43":{"start":{"line":112,"column":14},"end":{"line":112,"column":79}},"44":{"start":{"line":113,"column":13},"end":{"line":113,"column":null}},"45":{"start":{"line":114,"column":15},"end":{"line":114,"column":null}},"46":{"start":{"line":115,"column":17},"end":{"line":115,"column":null}},"47":{"start":{"line":116,"column":2},"end":{"line":117,"column":null}},"48":{"start":{"line":116,"column":17},"end":{"line":116,"column":null}},"49":{"start":{"line":117,"column":7},"end":{"line":117,"column":null}},"50":{"start":{"line":120,"column":18},"end":{"line":120,"column":null}},"51":{"start":{"line":121,"column":18},"end":{"line":121,"column":null}},"52":{"start":{"line":122,"column":19},"end":{"line":122,"column":45}},"53":{"start":{"line":123,"column":19},"end":{"line":123,"column":45}},"54":{"start":{"line":124,"column":15},"end":{"line":124,"column":null}},"55":{"start":{"line":125,"column":16},"end":{"line":125,"column":null}},"56":{"start":{"line":128,"column":16},"end":{"line":128,"column":null}},"57":{"start":{"line":129,"column":19},"end":{"line":129,"column":71}},"58":{"start":{"line":130,"column":19},"end":{"line":130,"column":71}},"59":{"start":{"line":131,"column":16},"end":{"line":131,"column":null}},"60":{"start":{"line":132,"column":14},"end":{"line":132,"column":null}},"61":{"start":{"line":133,"column":2},"end":{"line":133,"column":null}},"62":{"start":{"line":134,"column":2},"end":{"line":134,"column":null}},"63":{"start":{"line":137,"column":15},"end":{"line":137,"column":null}},"64":{"start":{"line":139,"column":34},"end":{"line":150,"column":null}},"65":{"start":{"line":152,"column":32},"end":{"line":172,"column":null}},"66":{"start":{"line":174,"column":2},"end":{"line":174,"column":null}}},"fnMap":{"0":{"name":"motorStep","decl":{"start":{"line":31,"column":16},"end":{"line":31,"column":null}},"loc":{"start":{"line":39,"column":19},"end":{"line":174,"column":null}},"line":39}},"branchMap":{"0":{"loc":{"start":{"line":62,"column":2},"end":{"line":107,"column":null}},"type":"if","locations":[{"start":{"line":62,"column":2},"end":{"line":107,"column":null}},{"start":{"line":79,"column":9},"end":{"line":107,"column":null}}],"line":62},"1":{"loc":{"start":{"line":71,"column":4},"end":{"line":73,"column":null}},"type":"if","locations":[{"start":{"line":71,"column":4},"end":{"line":73,"column":null}},{"start":{},"end":{}}],"line":71},"2":{"loc":{"start":{"line":84,"column":21},"end":{"line":84,"column":null}},"type":"cond-expr","locations":[{"start":{"line":84,"column":38},"end":{"line":84,"column":50}},{"start":{"line":84,"column":50},"end":{"line":84,"column":null}}],"line":84},"3":{"loc":{"start":{"line":95,"column":4},"end":{"line":98,"column":null}},"type":"if","locations":[{"start":{"line":95,"column":4},"end":{"line":98,"column":null}},{"start":{"line":97,"column":11},"end":{"line":98,"column":null}}],"line":95},"4":{"loc":{"start":{"line":104,"column":4},"end":{"line":107,"column":null}},"type":"if","locations":[{"start":{"line":104,"column":4},"end":{"line":107,"column":null}},{"start":{"line":106,"column":11},"end":{"line":107,"column":null}}],"line":104},"5":{"loc":{"start":{"line":116,"column":2},"end":{"line":117,"column":null}},"type":"if","locations":[{"start":{"line":116,"column":2},"end":{"line":117,"column":null}},{"start":{"line":117,"column":7},"end":{"line":117,"column":null}}],"line":116},"6":{"loc":{"start":{"line":129,"column":31},"end":{"line":129,"column":71}},"type":"cond-expr","locations":[{"start":{"line":129,"column":42},"end":{"line":129,"column":46}},{"start":{"line":129,"column":46},"end":{"line":129,"column":71}}],"line":129},"7":{"loc":{"start":{"line":130,"column":31},"end":{"line":130,"column":71}},"type":"cond-expr","locations":[{"start":{"line":130,"column":42},"end":{"line":130,"column":46}},{"start":{"line":130,"column":46},"end":{"line":130,"column":71}}],"line":130},"8":{"loc":{"start":{"line":137,"column":15},"end":{"line":137,"column":null}},"type":"cond-expr","locations":[{"start":{"line":137,"column":31},"end":{"line":137,"column":66}},{"start":{"line":137,"column":69},"end":{"line":137,"column":null}}],"line":137},"9":{"loc":{"start":{"line":156,"column":16},"end":{"line":156,"column":null}},"type":"cond-expr","locations":[{"start":{"line":156,"column":27},"end":{"line":156,"column":45}},{"start":{"line":156,"column":45},"end":{"line":156,"column":null}}],"line":156}},"s":{"0":0,"1":0,"2":0,"3":0,"4":0,"5":0,"6":0,"7":0,"8":0,"9":0,"10":0,"11":0,"12":0,"13":0,"14":0,"15":0,"16":0,"17":0,"18":0,"19":0,"20":0,"21":0,"22":0,"23":0,"24":0,"25":0,"26":0,"27":0,"28":0,"29":0,"30":0,"31":0,"32":0,"33":0,"34":0,"35":0,"36":0,"37":0,"38":0,"39":0,"40":0,"41":0,"42":0,"43":0,"44":0,"45":0,"46":0,"47":0,"48":0,"49":0,"50":0,"51":0,"52":0,"53":0,"54":0,"55":0,"56":0,"57":0,"58":0,"59":0,"60":0,"61":0,"62":0,"63":0,"64":0,"65":0,"66":0},"f":{"0":0},"b":{"0":[0,0],"1":[0,0],"2":[0,0],"3":[0,0],"4":[0,0],"5":[0,0],"6":[0,0],"7":[0,0],"8":[0,0],"9":[0,0]},"meta":{"lastBranch":10,"lastFunction":1,"lastStatement":67,"seen":{"f:31:16:31:Infinity":0,"s:40:16:40:Infinity":0,"s:41:17:41:Infinity":1,"s:42:8:42:46":2,"s:44:8:44:35":3,"s:45:18:45:Infinity":4,"s:46:21:46:Infinity":5,"s:49:20:49:76":6,"s:50:22:50:Infinity":7,"s:58:19:58:Infinity":8,"s:60:16:60:Infinity":9,"b:62:2:107:Infinity:79:9:107:Infinity":0,"s:62:2:107:Infinity":10,"s:64:25:64:Infinity":11,"s:65:24:65:Infinity":12,"s:67:19:67:Infinity":13,"s:68:10:68:Infinity":14,"s:69:4:69:Infinity":15,"s:70:4:70:Infinity":16,"b:71:4:73:Infinity:undefined:undefined:undefined:undefined":1,"s:71:4:73:Infinity":17,"s:72:6:72:Infinity":18,"s:73:6:73:Infinity":19,"s:75:4:75:Infinity":20,"s:76:4:76:Infinity":21,"s:77:4:77:Infinity":22,"s:78:4:78:Infinity":23,"s:81:19:81:Infinity":24,"s:82:27:82:75":25,"s:84:21:84:Infinity":26,"b:84:38:84:50:84:50:84:Infinity":2,"s:85:4:85:Infinity":27,"s:87:24:87:Infinity":28,"s:88:4:88:Infinity":29,"s:89:4:89:Infinity":30,"s:91:21:91:Infinity":31,"s:92:25:92:Infinity":32,"s:94:18:94:Infinity":33,"b:95:4:98:Infinity:97:11:98:Infinity":3,"s:95:4:98:Infinity":34,"s:96:6:96:Infinity":35,"s:98:6:98:Infinity":36,"s:100:4:100:Infinity":37,"s:101:4:101:Infinity":38,"s:102:4:102:Infinity":39,"b:104:4:107:Infinity:106:11:107:Infinity":4,"s:104:4:107:Infinity":40,"s:105:6:105:Infinity":41,"s:107:6:107:Infinity":42,"s:112:14:112:79":43,"s:113:13:113:Infinity":44,"s:114:15:114:Infinity":45,"s:115:17:115:Infinity":46,"b:116:2:117:Infinity:117:7:117:Infinity":5,"s:116:2:117:Infinity":47,"s:116:17:116:Infinity":48,"s:117:7:117:Infinity":49,"s:120:18:120:Infinity":50,"s:121:18:121:Infinity":51,"s:122:19:122:45":52,"s:123:19:123:45":53,"s:124:15:124:Infinity":54,"s:125:16:125:Infinity":55,"s:128:16:128:Infinity":56,"s:129:19:129:71":57,"b:129:42:129:46:129:46:129:71":6,"s:130:19:130:71":58,"b:130:42:130:46:130:46:130:71":7,"s:131:16:131:Infinity":59,"s:132:14:132:Infinity":60,"s:133:2:133:Infinity":61,"s:134:2:134:Infinity":62,"s:137:15:137:Infinity":63,"b:137:31:137:66:137:69:137:Infinity":8,"s:139:34:150:Infinity":64,"s:152:32:172:Infinity":65,"b:156:27:156:45:156:45:156:Infinity":9,"s:174:2:174:Infinity":66}}}
,"/Users/atte/development/FSS-HS-SIMULATOR/src/simulation/motor/motorThermal.ts": {"path":"/Users/atte/development/FSS-HS-SIMULATOR/src/simulation/motor/motorThermal.ts","statementMap":{"0":{"start":{"line":20,"column":19},"end":{"line":20,"column":72}},"1":{"start":{"line":21,"column":19},"end":{"line":21,"column":70}},"2":{"start":{"line":23,"column":22},"end":{"line":24,"column":66}},"3":{"start":{"line":25,"column":20},"end":{"line":26,"column":62}},"4":{"start":{"line":28,"column":2},"end":{"line":28,"column":null}}},"fnMap":{"0":{"name":"stepMotorThermal","decl":{"start":{"line":6,"column":16},"end":{"line":6,"column":null}},"loc":{"start":{"line":19,"column":22},"end":{"line":28,"column":null}},"line":19}},"branchMap":{"0":{"loc":{"start":{"line":20,"column":31},"end":{"line":20,"column":72}},"type":"cond-expr","locations":[{"start":{"line":20,"column":42},"end":{"line":20,"column":46}},{"start":{"line":20,"column":46},"end":{"line":20,"column":72}}],"line":20},"1":{"loc":{"start":{"line":21,"column":31},"end":{"line":21,"column":70}},"type":"cond-expr","locations":[{"start":{"line":21,"column":42},"end":{"line":21,"column":46}},{"start":{"line":21,"column":46},"end":{"line":21,"column":70}}],"line":21}},"s":{"0":5,"1":5,"2":5,"3":5,"4":5},"f":{"0":5},"b":{"0":[1,4],"1":[1,4]},"meta":{"lastBranch":2,"lastFunction":1,"lastStatement":5,"seen":{"f:6:16:6:Infinity":0,"s:20:19:20:72":0,"b:20:42:20:46:20:46:20:72":0,"s:21:19:21:70":1,"b:21:42:21:46:21:46:21:70":1,"s:23:22:24:66":2,"s:25:20:26:62":3,"s:28:2:28:Infinity":4}}}
,"/Users/atte/development/FSS-HS-SIMULATOR/src/simulation/motor/traction.ts": {"path":"/Users/atte/development/FSS-HS-SIMULATOR/src/simulation/motor/traction.ts","statementMap":{"0":{"start":{"line":17,"column":13},"end":{"line":17,"column":null}},"1":{"start":{"line":18,"column":14},"end":{"line":18,"column":77}},"2":{"start":{"line":19,"column":14},"end":{"line":19,"column":83}},"3":{"start":{"line":20,"column":2},"end":{"line":23,"column":null}}},"fnMap":{"0":{"name":"tractionLimit","decl":{"start":{"line":9,"column":16},"end":{"line":9,"column":null}},"loc":{"start":{"line":16,"column":18},"end":{"line":23,"column":null}},"line":16}},"branchMap":{},"s":{"0":5,"1":5,"2":5,"3":5},"f":{"0":5},"b":{},"meta":{"lastBranch":0,"lastFunction":1,"lastStatement":4,"seen":{"f:9:16:9:Infinity":0,"s:17:13:17:Infinity":0,"s:18:14:18:77":1,"s:19:14:19:83":2,"s:20:2:23:Infinity":3}}}
,"/Users/atte/development/FSS-HS-SIMULATOR/src/simulation/motor/vehicleDynamics.ts": {"path":"/Users/atte/development/FSS-HS-SIMULATOR/src/simulation/motor/vehicleDynamics.ts","statementMap":{"0":{"start":{"line":18,"column":17},"end":{"line":18,"column":null}},"1":{"start":{"line":19,"column":17},"end":{"line":19,"column":null}},"2":{"start":{"line":20,"column":12},"end":{"line":20,"column":null}},"3":{"start":{"line":22,"column":14},"end":{"line":22,"column":null}},"4":{"start":{"line":23,"column":2},"end":{"line":24,"column":null}},"5":{"start":{"line":24,"column":4},"end":{"line":24,"column":null}},"6":{"start":{"line":26,"column":12},"end":{"line":26,"column":null}},"7":{"start":{"line":28,"column":2},"end":{"line":28,"column":null}},"8":{"start":{"line":32,"column":2},"end":{"line":32,"column":null}}},"fnMap":{"0":{"name":"calcAccelStep","decl":{"start":{"line":9,"column":16},"end":{"line":9,"column":null}},"loc":{"start":{"line":17,"column":19},"end":{"line":28,"column":null}},"line":17},"1":{"name":"dragForce","decl":{"start":{"line":31,"column":16},"end":{"line":31,"column":26}},"loc":{"start":{"line":31,"column":91},"end":{"line":32,"column":null}},"line":31}},"branchMap":{"0":{"loc":{"start":{"line":23,"column":2},"end":{"line":24,"column":null}},"type":"if","locations":[{"start":{"line":23,"column":2},"end":{"line":24,"column":null}},{"start":{},"end":{}}],"line":23}},"s":{"0":6,"1":6,"2":6,"3":6,"4":6,"5":1,"6":6,"7":6,"8":3},"f":{"0":6,"1":3},"b":{"0":[1,5]},"meta":{"lastBranch":1,"lastFunction":2,"lastStatement":9,"seen":{"f:9:16:9:Infinity":0,"s:18:17:18:Infinity":0,"s:19:17:19:Infinity":1,"s:20:12:20:Infinity":2,"s:22:14:22:Infinity":3,"b:23:2:24:Infinity:undefined:undefined:undefined:undefined":0,"s:23:2:24:Infinity":4,"s:24:4:24:Infinity":5,"s:26:12:26:Infinity":6,"s:28:2:28:Infinity":7,"f:31:16:31:26":1,"s:32:2:32:Infinity":8}}}
}
